\BOOKMARK [0][-]{chapter.1}{\376\377\0001\000\040\000H\000i\000e\000r\000a\000r\000c\000h\000i\000c\000a\000l\000\040\000I\000n\000d\000e\000x}{}% 1
\BOOKMARK [1][-]{section.1.1}{\376\377\0001\000.\0001\000\040\000C\000l\000a\000s\000s\000\040\000H\000i\000e\000r\000a\000r\000c\000h\000y}{chapter.1}% 2
\BOOKMARK [0][-]{chapter.2}{\376\377\0002\000\040\000C\000l\000a\000s\000s\000\040\000I\000n\000d\000e\000x}{}% 3
\BOOKMARK [1][-]{section.2.1}{\376\377\0002\000.\0001\000\040\000C\000l\000a\000s\000s\000\040\000L\000i\000s\000t}{chapter.2}% 4
\BOOKMARK [0][-]{chapter.3}{\376\377\0003\000\040\000C\000l\000a\000s\000s\000\040\000D\000o\000c\000u\000m\000e\000n\000t\000a\000t\000i\000o\000n}{}% 5
\BOOKMARK [1][-]{section.3.1}{\376\377\0003\000.\0001\000\040\000S\000o\000m\000i\000n\000A\000I\000.\000m\000o\000d\000u\000l\000e\000s\000.\000a\000l\000e\000r\000t\000\137\000h\000a\000n\000d\000l\000e\000r\000.\000a\000l\000e\000r\000t\000\137\000d\000e\000s\000t\000i\000n\000a\000t\000i\000o\000n\000.\000A\000l\000e\000r\000t\000D\000e\000s\000t\000i\000n\000a\000t\000i\000o\000n\000\040\000C\000l\000a\000s\000s\000\040\000R\000e\000f\000e\000r\000e\000n\000c\000e}{chapter.3}% 6
\BOOKMARK [2][-]{subsection.3.1.1}{\376\377\0003\000.\0001\000.\0001\000\040\000D\000e\000t\000a\000i\000l\000e\000d\000\040\000D\000e\000s\000c\000r\000i\000p\000t\000i\000o\000n}{section.3.1}% 7
\BOOKMARK [1][-]{section.3.2}{\376\377\0003\000.\0002\000\040\000S\000o\000m\000i\000n\000A\000I\000.\000m\000o\000d\000u\000l\000e\000s\000.\000a\000l\000e\000r\000t\000\137\000h\000a\000n\000d\000l\000e\000r\000.\000a\000l\000e\000r\000t\000\137\000h\000a\000n\000d\000l\000e\000r\000.\000A\000l\000e\000r\000t\000H\000a\000n\000d\000l\000e\000r\000\040\000C\000l\000a\000s\000s\000\040\000R\000e\000f\000e\000r\000e\000n\000c\000e}{chapter.3}% 8
\BOOKMARK [2][-]{subsection.3.2.1}{\376\377\0003\000.\0002\000.\0001\000\040\000D\000e\000t\000a\000i\000l\000e\000d\000\040\000D\000e\000s\000c\000r\000i\000p\000t\000i\000o\000n}{section.3.2}% 9
\BOOKMARK [2][-]{subsection.3.2.2}{\376\377\0003\000.\0002\000.\0002\000\040\000C\000o\000n\000s\000t\000r\000u\000c\000t\000o\000r\000\040\000\046\000\040\000D\000e\000s\000t\000r\000u\000c\000t\000o\000r\000\040\000D\000o\000c\000u\000m\000e\000n\000t\000a\000t\000i\000o\000n}{section.3.2}% 10
\BOOKMARK [3][-]{subsubsection.3.2.2.1}{\376\377\0003\000.\0002\000.\0002\000.\0001\000\040\000\137\000\137\000i\000n\000i\000t\000\137\000\137\000\050\000\051}{subsection.3.2.2}% 11
\BOOKMARK [2][-]{subsection.3.2.3}{\376\377\0003\000.\0002\000.\0003\000\040\000M\000e\000m\000b\000e\000r\000\040\000F\000u\000n\000c\000t\000i\000o\000n\000\040\000D\000o\000c\000u\000m\000e\000n\000t\000a\000t\000i\000o\000n}{section.3.2}% 12
\BOOKMARK [3][-]{subsubsection.3.2.3.1}{\376\377\0003\000.\0002\000.\0003\000.\0001\000\040\000\137\000s\000e\000n\000d\000\137\000t\000o\000\137\000m\000o\000n\000i\000t\000o\000r\000i\000n\000g\000\050\000\051}{subsection.3.2.3}% 13
\BOOKMARK [3][-]{subsubsection.3.2.3.2}{\376\377\0003\000.\0002\000.\0003\000.\0002\000\040\000g\000e\000t\000\137\000i\000n\000s\000t\000a\000n\000c\000e\000\050\000\051}{subsection.3.2.3}% 14
\BOOKMARK [3][-]{subsubsection.3.2.3.3}{\376\377\0003\000.\0002\000.\0003\000.\0003\000\040\000m\000o\000n\000i\000t\000o\000r\000\137\000s\000e\000r\000v\000i\000c\000e\000s\000\050\000\051}{subsection.3.2.3}% 15
\BOOKMARK [3][-]{subsubsection.3.2.3.4}{\376\377\0003\000.\0002\000.\0003\000.\0004\000\040\000s\000e\000n\000d\000\137\000a\000l\000e\000r\000t\000\050\000\051}{subsection.3.2.3}% 16
\BOOKMARK [1][-]{section.3.3}{\376\377\0003\000.\0003\000\040\000S\000o\000m\000i\000n\000A\000I\000.\000c\000o\000n\000f\000i\000g\000s\000.\000c\000o\000n\000f\000i\000g\000\137\000l\000o\000a\000d\000e\000r\000.\000C\000o\000n\000f\000i\000g\000F\000i\000l\000e\000F\000o\000r\000m\000a\000t\000E\000r\000r\000o\000r\000\040\000C\000l\000a\000s\000s\000\040\000R\000e\000f\000e\000r\000e\000n\000c\000e}{chapter.3}% 17
\BOOKMARK [2][-]{subsection.3.3.1}{\376\377\0003\000.\0003\000.\0001\000\040\000D\000e\000t\000a\000i\000l\000e\000d\000\040\000D\000e\000s\000c\000r\000i\000p\000t\000i\000o\000n}{section.3.3}% 18
\BOOKMARK [1][-]{section.3.4}{\376\377\0003\000.\0004\000\040\000S\000o\000m\000i\000n\000A\000I\000.\000c\000o\000n\000f\000i\000g\000s\000.\000c\000o\000n\000f\000i\000g\000\137\000l\000o\000a\000d\000e\000r\000.\000C\000o\000n\000f\000i\000g\000F\000i\000l\000e\000N\000o\000t\000F\000o\000u\000n\000d\000E\000r\000r\000o\000r\000\040\000C\000l\000a\000s\000s\000\040\000R\000e\000f\000e\000r\000e\000n\000c\000e}{chapter.3}% 19
\BOOKMARK [2][-]{subsection.3.4.1}{\376\377\0003\000.\0004\000.\0001\000\040\000D\000e\000t\000a\000i\000l\000e\000d\000\040\000D\000e\000s\000c\000r\000i\000p\000t\000i\000o\000n}{section.3.4}% 20
\BOOKMARK [1][-]{section.3.5}{\376\377\0003\000.\0005\000\040\000S\000o\000m\000i\000n\000A\000I\000.\000c\000o\000n\000f\000i\000g\000s\000.\000c\000o\000n\000f\000i\000g\000\137\000l\000o\000a\000d\000e\000r\000.\000C\000o\000n\000f\000i\000g\000L\000o\000a\000d\000e\000r\000\040\000C\000l\000a\000s\000s\000\040\000R\000e\000f\000e\000r\000e\000n\000c\000e}{chapter.3}% 21
\BOOKMARK [2][-]{subsection.3.5.1}{\376\377\0003\000.\0005\000.\0001\000\040\000D\000e\000t\000a\000i\000l\000e\000d\000\040\000D\000e\000s\000c\000r\000i\000p\000t\000i\000o\000n}{section.3.5}% 22
\BOOKMARK [2][-]{subsection.3.5.2}{\376\377\0003\000.\0005\000.\0002\000\040\000M\000e\000m\000b\000e\000r\000\040\000F\000u\000n\000c\000t\000i\000o\000n\000\040\000D\000o\000c\000u\000m\000e\000n\000t\000a\000t\000i\000o\000n}{section.3.5}% 23
\BOOKMARK [3][-]{subsubsection.3.5.2.1}{\376\377\0003\000.\0005\000.\0002\000.\0001\000\040\000l\000o\000a\000d\000\137\000c\000o\000n\000f\000i\000g\000\050\000\051}{subsection.3.5.2}% 24
\BOOKMARK [1][-]{section.3.6}{\376\377\0003\000.\0006\000\040\000S\000o\000m\000i\000n\000A\000I\000.\000c\000o\000n\000f\000i\000g\000s\000.\000c\000o\000n\000f\000i\000g\000\137\000l\000o\000a\000d\000e\000r\000.\000C\000o\000n\000f\000i\000g\000L\000o\000a\000d\000e\000r\000E\000x\000c\000e\000p\000t\000i\000o\000n\000\040\000C\000l\000a\000s\000s\000\040\000R\000e\000f\000e\000r\000e\000n\000c\000e}{chapter.3}% 25
\BOOKMARK [2][-]{subsection.3.6.1}{\376\377\0003\000.\0006\000.\0001\000\040\000D\000e\000t\000a\000i\000l\000e\000d\000\040\000D\000e\000s\000c\000r\000i\000p\000t\000i\000o\000n}{section.3.6}% 26
\BOOKMARK [1][-]{section.3.7}{\376\377\0003\000.\0007\000\040\000S\000o\000m\000i\000n\000A\000I\000.\000c\000r\000a\000w\000l\000e\000r\000.\000c\000r\000a\000w\000l\000e\000r\000.\000C\000r\000a\000w\000l\000e\000r\000\040\000C\000l\000a\000s\000s\000\040\000R\000e\000f\000e\000r\000e\000n\000c\000e}{chapter.3}% 27
\BOOKMARK [2][-]{subsection.3.7.1}{\376\377\0003\000.\0007\000.\0001\000\040\000D\000e\000t\000a\000i\000l\000e\000d\000\040\000D\000e\000s\000c\000r\000i\000p\000t\000i\000o\000n}{section.3.7}% 28
\BOOKMARK [2][-]{subsection.3.7.2}{\376\377\0003\000.\0007\000.\0002\000\040\000M\000e\000m\000b\000e\000r\000\040\000F\000u\000n\000c\000t\000i\000o\000n\000\040\000D\000o\000c\000u\000m\000e\000n\000t\000a\000t\000i\000o\000n}{section.3.7}% 29
\BOOKMARK [3][-]{subsubsection.3.7.2.1}{\376\377\0003\000.\0007\000.\0002\000.\0001\000\040\000c\000l\000o\000s\000e\000\050\000\051}{subsection.3.7.2}% 30
\BOOKMARK [3][-]{subsubsection.3.7.2.2}{\376\377\0003\000.\0007\000.\0002\000.\0002\000\040\000c\000o\000n\000n\000e\000c\000t\000\050\000\051}{subsection.3.7.2}% 31
\BOOKMARK [3][-]{subsubsection.3.7.2.3}{\376\377\0003\000.\0007\000.\0002\000.\0003\000\040\000c\000o\000n\000s\000u\000m\000e\000\137\000t\000a\000s\000k\000s\000\050\000\051}{subsection.3.7.2}% 32
\BOOKMARK [3][-]{subsubsection.3.7.2.4}{\376\377\0003\000.\0007\000.\0002\000.\0004\000\040\000p\000r\000o\000c\000e\000s\000s\000\137\000t\000a\000s\000k\000\050\000\051}{subsection.3.7.2}% 33
\BOOKMARK [1][-]{section.3.8}{\376\377\0003\000.\0008\000\040\000S\000o\000m\000i\000n\000A\000I\000.\000m\000o\000d\000u\000l\000e\000s\000.\000e\000x\000c\000e\000p\000t\000i\000o\000n\000\137\000h\000a\000n\000d\000l\000e\000r\000.\000e\000x\000c\000e\000p\000t\000i\000o\000n\000\137\000h\000a\000n\000d\000l\000e\000r\000.\000E\000x\000c\000e\000p\000t\000i\000o\000n\000H\000a\000n\000d\000l\000e\000r\000\040\000C\000l\000a\000s\000s\000\040\000R\000e\000f\000e\000r\000e\000n\000c\000e}{chapter.3}% 34
\BOOKMARK [2][-]{subsection.3.8.1}{\376\377\0003\000.\0008\000.\0001\000\040\000D\000e\000t\000a\000i\000l\000e\000d\000\040\000D\000e\000s\000c\000r\000i\000p\000t\000i\000o\000n}{section.3.8}% 35
\BOOKMARK [2][-]{subsection.3.8.2}{\376\377\0003\000.\0008\000.\0002\000\040\000M\000e\000m\000b\000e\000r\000\040\000F\000u\000n\000c\000t\000i\000o\000n\000\040\000D\000o\000c\000u\000m\000e\000n\000t\000a\000t\000i\000o\000n}{section.3.8}% 36
\BOOKMARK [3][-]{subsubsection.3.8.2.1}{\376\377\0003\000.\0008\000.\0002\000.\0001\000\040\000h\000a\000n\000d\000l\000e\000\137\000e\000x\000c\000e\000p\000t\000i\000o\000n\000\050\000\051}{subsection.3.8.2}% 37
\BOOKMARK [1][-]{section.3.9}{\376\377\0003\000.\0009\000\040\000S\000o\000m\000i\000n\000A\000I\000.\000c\000o\000r\000e\000.\000t\000a\000s\000k\000\137\000m\000a\000n\000a\000g\000e\000r\000.\000I\000n\000v\000a\000l\000i\000d\000T\000a\000s\000k\000D\000a\000t\000a\000E\000r\000r\000o\000r\000\040\000C\000l\000a\000s\000s\000\040\000R\000e\000f\000e\000r\000e\000n\000c\000e}{chapter.3}% 38
\BOOKMARK [2][-]{subsection.3.9.1}{\376\377\0003\000.\0009\000.\0001\000\040\000D\000e\000t\000a\000i\000l\000e\000d\000\040\000D\000e\000s\000c\000r\000i\000p\000t\000i\000o\000n}{section.3.9}% 39
\BOOKMARK [1][-]{section.3.10}{\376\377\0003\000.\0001\0000\000\040\000S\000o\000m\000i\000n\000A\000I\000.\000m\000o\000d\000u\000l\000e\000s\000.\000l\000o\000g\000g\000e\000r\000.\000l\000o\000g\000g\000e\000r\000.\000L\000o\000g\000g\000e\000r\000\040\000C\000l\000a\000s\000s\000\040\000R\000e\000f\000e\000r\000e\000n\000c\000e}{chapter.3}% 40
\BOOKMARK [2][-]{subsection.3.10.1}{\376\377\0003\000.\0001\0000\000.\0001\000\040\000D\000e\000t\000a\000i\000l\000e\000d\000\040\000D\000e\000s\000c\000r\000i\000p\000t\000i\000o\000n}{section.3.10}% 41
\BOOKMARK [2][-]{subsection.3.10.2}{\376\377\0003\000.\0001\0000\000.\0002\000\040\000M\000e\000m\000b\000e\000r\000\040\000F\000u\000n\000c\000t\000i\000o\000n\000\040\000D\000o\000c\000u\000m\000e\000n\000t\000a\000t\000i\000o\000n}{section.3.10}% 42
\BOOKMARK [3][-]{subsubsection.3.10.2.1}{\376\377\0003\000.\0001\0000\000.\0002\000.\0001\000\040\000\137\000e\000n\000s\000u\000r\000e\000\137\000l\000o\000g\000\137\000d\000i\000r\000e\000c\000t\000o\000r\000y\000\050\000\051}{subsection.3.10.2}% 43
\BOOKMARK [3][-]{subsubsection.3.10.2.2}{\376\377\0003\000.\0001\0000\000.\0002\000.\0002\000\040\000\137\000l\000o\000a\000d\000\137\000y\000a\000m\000l\000\137\000c\000o\000n\000f\000i\000g\000\050\000\051}{subsection.3.10.2}% 44
\BOOKMARK [3][-]{subsubsection.3.10.2.3}{\376\377\0003\000.\0001\0000\000.\0002\000.\0003\000\040\000\137\000v\000a\000l\000i\000d\000a\000t\000e\000\137\000l\000o\000g\000\137\000l\000e\000v\000e\000l\000\050\000\051}{subsection.3.10.2}% 45
\BOOKMARK [3][-]{subsubsection.3.10.2.4}{\376\377\0003\000.\0001\0000\000.\0002\000.\0004\000\040\000\137\000v\000a\000l\000i\000d\000a\000t\000e\000\137\000m\000e\000s\000s\000a\000g\000e\000\050\000\051}{subsection.3.10.2}% 46
\BOOKMARK [3][-]{subsubsection.3.10.2.5}{\376\377\0003\000.\0001\0000\000.\0002\000.\0005\000\040\000c\000o\000n\000f\000i\000g\000u\000r\000e\000\137\000l\000o\000g\000g\000e\000r\000\050\000\051}{subsection.3.10.2}% 47
\BOOKMARK [3][-]{subsubsection.3.10.2.6}{\376\377\0003\000.\0001\0000\000.\0002\000.\0006\000\040\000l\000o\000g\000\050\000\051}{subsection.3.10.2}% 48
\BOOKMARK [3][-]{subsubsection.3.10.2.7}{\376\377\0003\000.\0001\0000\000.\0002\000.\0007\000\040\000l\000o\000g\000\137\000c\000r\000i\000t\000i\000c\000a\000l\000\050\000\051}{subsection.3.10.2}% 49
\BOOKMARK [3][-]{subsubsection.3.10.2.8}{\376\377\0003\000.\0001\0000\000.\0002\000.\0008\000\040\000l\000o\000g\000\137\000d\000e\000b\000u\000g\000\050\000\051}{subsection.3.10.2}% 50
\BOOKMARK [3][-]{subsubsection.3.10.2.9}{\376\377\0003\000.\0001\0000\000.\0002\000.\0009\000\040\000l\000o\000g\000\137\000e\000r\000r\000o\000r\000\050\000\051}{subsection.3.10.2}% 51
\BOOKMARK [3][-]{subsubsection.3.10.2.10}{\376\377\0003\000.\0001\0000\000.\0002\000.\0001\0000\000\040\000l\000o\000g\000\137\000i\000n\000f\000o\000\050\000\051}{subsection.3.10.2}% 52
\BOOKMARK [3][-]{subsubsection.3.10.2.11}{\376\377\0003\000.\0001\0000\000.\0002\000.\0001\0001\000\040\000l\000o\000g\000\137\000w\000a\000r\000n\000i\000n\000g\000\050\000\051}{subsection.3.10.2}% 53
\BOOKMARK [1][-]{section.3.11}{\376\377\0003\000.\0001\0001\000\040\000S\000o\000m\000i\000n\000A\000I\000.\000m\000o\000d\000u\000l\000e\000s\000.\000l\000o\000g\000g\000e\000r\000.\000l\000o\000g\000g\000e\000r\000.\000L\000o\000g\000g\000e\000r\000C\000o\000n\000f\000i\000g\000E\000r\000r\000o\000r\000\040\000C\000l\000a\000s\000s\000\040\000R\000e\000f\000e\000r\000e\000n\000c\000e}{chapter.3}% 54
\BOOKMARK [2][-]{subsection.3.11.1}{\376\377\0003\000.\0001\0001\000.\0001\000\040\000D\000e\000t\000a\000i\000l\000e\000d\000\040\000D\000e\000s\000c\000r\000i\000p\000t\000i\000o\000n}{section.3.11}% 55
\BOOKMARK [1][-]{section.3.12}{\376\377\0003\000.\0001\0002\000\040\000S\000o\000m\000i\000n\000A\000I\000.\000m\000o\000d\000u\000l\000e\000s\000.\000l\000o\000g\000g\000e\000r\000.\000l\000o\000g\000g\000e\000r\000.\000L\000o\000g\000g\000e\000r\000E\000r\000r\000o\000r\000\040\000C\000l\000a\000s\000s\000\040\000R\000e\000f\000e\000r\000e\000n\000c\000e}{chapter.3}% 56
\BOOKMARK [2][-]{subsection.3.12.1}{\376\377\0003\000.\0001\0002\000.\0001\000\040\000D\000e\000t\000a\000i\000l\000e\000d\000\040\000D\000e\000s\000c\000r\000i\000p\000t\000i\000o\000n}{section.3.12}% 57
\BOOKMARK [1][-]{section.3.13}{\376\377\0003\000.\0001\0003\000\040\000S\000o\000m\000i\000n\000A\000I\000.\000m\000o\000d\000u\000l\000e\000s\000.\000l\000o\000g\000g\000e\000r\000.\000l\000o\000g\000g\000e\000r\000.\000L\000o\000g\000g\000e\000r\000F\000i\000l\000e\000E\000r\000r\000o\000r\000\040\000C\000l\000a\000s\000s\000\040\000R\000e\000f\000e\000r\000e\000n\000c\000e}{chapter.3}% 58
\BOOKMARK [2][-]{subsection.3.13.1}{\376\377\0003\000.\0001\0003\000.\0001\000\040\000D\000e\000t\000a\000i\000l\000e\000d\000\040\000D\000e\000s\000c\000r\000i\000p\000t\000i\000o\000n}{section.3.13}% 59
\BOOKMARK [1][-]{section.3.14}{\376\377\0003\000.\0001\0004\000\040\000S\000o\000m\000i\000n\000A\000I\000.\000m\000o\000d\000u\000l\000e\000s\000.\000l\000o\000g\000g\000e\000r\000.\000l\000o\000g\000\137\000l\000e\000v\000e\000l\000s\000.\000L\000o\000g\000L\000e\000v\000e\000l\000\040\000C\000l\000a\000s\000s\000\040\000R\000e\000f\000e\000r\000e\000n\000c\000e}{chapter.3}% 60
\BOOKMARK [2][-]{subsection.3.14.1}{\376\377\0003\000.\0001\0004\000.\0001\000\040\000D\000e\000t\000a\000i\000l\000e\000d\000\040\000D\000e\000s\000c\000r\000i\000p\000t\000i\000o\000n}{section.3.14}% 61
\BOOKMARK [1][-]{section.3.15}{\376\377\0003\000.\0001\0005\000\040\000S\000o\000m\000i\000n\000A\000I\000.\000m\000o\000d\000u\000l\000e\000s\000.\000l\000o\000g\000g\000e\000r\000.\000l\000o\000g\000\137\000l\000e\000v\000e\000l\000s\000.\000L\000o\000g\000L\000e\000v\000e\000l\000E\000x\000c\000e\000p\000t\000i\000o\000n\000\040\000C\000l\000a\000s\000s\000\040\000R\000e\000f\000e\000r\000e\000n\000c\000e}{chapter.3}% 62
\BOOKMARK [2][-]{subsection.3.15.1}{\376\377\0003\000.\0001\0005\000.\0001\000\040\000D\000e\000t\000a\000i\000l\000e\000d\000\040\000D\000e\000s\000c\000r\000i\000p\000t\000i\000o\000n}{section.3.15}% 63
\BOOKMARK [1][-]{section.3.16}{\376\377\0003\000.\0001\0006\000\040\000S\000o\000m\000i\000n\000A\000I\000.\000m\000o\000d\000u\000l\000e\000s\000.\000l\000o\000g\000g\000e\000r\000.\000l\000o\000g\000\137\000l\000e\000v\000e\000l\000s\000.\000L\000o\000g\000L\000e\000v\000e\000l\000V\000a\000l\000i\000d\000a\000t\000i\000o\000n\000E\000r\000r\000o\000r\000\040\000C\000l\000a\000s\000s\000\040\000R\000e\000f\000e\000r\000e\000n\000c\000e}{chapter.3}% 64
\BOOKMARK [2][-]{subsection.3.16.1}{\376\377\0003\000.\0001\0006\000.\0001\000\040\000D\000e\000t\000a\000i\000l\000e\000d\000\040\000D\000e\000s\000c\000r\000i\000p\000t\000i\000o\000n}{section.3.16}% 65
\BOOKMARK [1][-]{section.3.17}{\376\377\0003\000.\0001\0007\000\040\000S\000o\000m\000i\000n\000A\000I\000.\000c\000o\000r\000e\000.\000r\000a\000b\000b\000i\000t\000\137\000p\000u\000b\000l\000i\000s\000h\000e\000r\000.\000R\000a\000b\000b\000i\000t\000M\000Q\000C\000o\000n\000n\000e\000c\000t\000i\000o\000n\000E\000r\000r\000o\000r\000\040\000C\000l\000a\000s\000s\000\040\000R\000e\000f\000e\000r\000e\000n\000c\000e}{chapter.3}% 66
\BOOKMARK [2][-]{subsection.3.17.1}{\376\377\0003\000.\0001\0007\000.\0001\000\040\000D\000e\000t\000a\000i\000l\000e\000d\000\040\000D\000e\000s\000c\000r\000i\000p\000t\000i\000o\000n}{section.3.17}% 67
\BOOKMARK [1][-]{section.3.18}{\376\377\0003\000.\0001\0008\000\040\000S\000o\000m\000i\000n\000A\000I\000.\000c\000o\000r\000e\000.\000r\000a\000b\000b\000i\000t\000\137\000p\000u\000b\000l\000i\000s\000h\000e\000r\000.\000R\000a\000b\000b\000i\000t\000M\000Q\000M\000e\000s\000s\000a\000g\000e\000E\000r\000r\000o\000r\000\040\000C\000l\000a\000s\000s\000\040\000R\000e\000f\000e\000r\000e\000n\000c\000e}{chapter.3}% 68
\BOOKMARK [2][-]{subsection.3.18.1}{\376\377\0003\000.\0001\0008\000.\0001\000\040\000D\000e\000t\000a\000i\000l\000e\000d\000\040\000D\000e\000s\000c\000r\000i\000p\000t\000i\000o\000n}{section.3.18}% 69
\BOOKMARK [1][-]{section.3.19}{\376\377\0003\000.\0001\0009\000\040\000S\000o\000m\000i\000n\000A\000I\000.\000c\000o\000r\000e\000.\000r\000a\000b\000b\000i\000t\000\137\000p\000u\000b\000l\000i\000s\000h\000e\000r\000.\000R\000a\000b\000b\000i\000t\000M\000Q\000P\000u\000b\000l\000i\000s\000h\000e\000r\000\040\000C\000l\000a\000s\000s\000\040\000R\000e\000f\000e\000r\000e\000n\000c\000e}{chapter.3}% 70
\BOOKMARK [2][-]{subsection.3.19.1}{\376\377\0003\000.\0001\0009\000.\0001\000\040\000D\000e\000t\000a\000i\000l\000e\000d\000\040\000D\000e\000s\000c\000r\000i\000p\000t\000i\000o\000n}{section.3.19}% 71
\BOOKMARK [2][-]{subsection.3.19.2}{\376\377\0003\000.\0001\0009\000.\0002\000\040\000C\000o\000n\000s\000t\000r\000u\000c\000t\000o\000r\000\040\000\046\000\040\000D\000e\000s\000t\000r\000u\000c\000t\000o\000r\000\040\000D\000o\000c\000u\000m\000e\000n\000t\000a\000t\000i\000o\000n}{section.3.19}% 72
\BOOKMARK [3][-]{subsubsection.3.19.2.1}{\376\377\0003\000.\0001\0009\000.\0002\000.\0001\000\040\000\137\000\137\000i\000n\000i\000t\000\137\000\137\000\050\000\051}{subsection.3.19.2}% 73
\BOOKMARK [2][-]{subsection.3.19.3}{\376\377\0003\000.\0001\0009\000.\0003\000\040\000M\000e\000m\000b\000e\000r\000\040\000F\000u\000n\000c\000t\000i\000o\000n\000\040\000D\000o\000c\000u\000m\000e\000n\000t\000a\000t\000i\000o\000n}{section.3.19}% 74
\BOOKMARK [3][-]{subsubsection.3.19.3.1}{\376\377\0003\000.\0001\0009\000.\0003\000.\0001\000\040\000\137\000e\000n\000s\000u\000r\000e\000\137\000c\000h\000a\000n\000n\000e\000l\000\137\000i\000n\000i\000t\000i\000a\000l\000i\000z\000e\000d\000\050\000\051}{subsection.3.19.3}% 75
\BOOKMARK [3][-]{subsubsection.3.19.3.2}{\376\377\0003\000.\0001\0009\000.\0003\000.\0002\000\040\000c\000l\000o\000s\000e\000\137\000c\000o\000n\000n\000e\000c\000t\000i\000o\000n\000\050\000\051}{subsection.3.19.3}% 76
\BOOKMARK [3][-]{subsubsection.3.19.3.3}{\376\377\0003\000.\0001\0009\000.\0003\000.\0003\000\040\000c\000o\000n\000n\000e\000c\000t\000\050\000\051}{subsection.3.19.3}% 77
\BOOKMARK [3][-]{subsubsection.3.19.3.4}{\376\377\0003\000.\0001\0009\000.\0003\000.\0004\000\040\000p\000u\000b\000l\000i\000s\000h\000\050\000\051}{subsection.3.19.3}% 78
\BOOKMARK [3][-]{subsubsection.3.19.3.5}{\376\377\0003\000.\0001\0009\000.\0003\000.\0005\000\040\000s\000e\000n\000d\000\137\000t\000a\000s\000k\000\050\000\051}{subsection.3.19.3}% 79
\BOOKMARK [2][-]{subsection.3.19.4}{\376\377\0003\000.\0001\0009\000.\0004\000\040\000M\000e\000m\000b\000e\000r\000\040\000D\000a\000t\000a\000\040\000D\000o\000c\000u\000m\000e\000n\000t\000a\000t\000i\000o\000n}{section.3.19}% 80
\BOOKMARK [3][-]{subsubsection.3.19.4.1}{\376\377\0003\000.\0001\0009\000.\0004\000.\0001\000\040\000c\000o\000n\000n\000e\000c\000t\000i\000o\000n}{subsection.3.19.4}% 81
\BOOKMARK [1][-]{section.3.20}{\376\377\0003\000.\0002\0000\000\040\000S\000o\000m\000i\000n\000A\000I\000.\000c\000o\000r\000e\000.\000r\000a\000b\000b\000i\000t\000\137\000p\000u\000b\000l\000i\000s\000h\000e\000r\000.\000R\000a\000b\000b\000i\000t\000M\000Q\000P\000u\000b\000l\000i\000s\000h\000e\000r\000E\000r\000r\000o\000r\000\040\000C\000l\000a\000s\000s\000\040\000R\000e\000f\000e\000r\000e\000n\000c\000e}{chapter.3}% 82
\BOOKMARK [2][-]{subsection.3.20.1}{\376\377\0003\000.\0002\0000\000.\0001\000\040\000D\000e\000t\000a\000i\000l\000e\000d\000\040\000D\000e\000s\000c\000r\000i\000p\000t\000i\000o\000n}{section.3.20}% 83
\BOOKMARK [1][-]{section.3.21}{\376\377\0003\000.\0002\0001\000\040\000S\000o\000m\000i\000n\000A\000I\000.\000c\000o\000r\000e\000.\000r\000e\000d\000i\000s\000\137\000m\000a\000n\000a\000g\000e\000r\000.\000R\000e\000d\000i\000s\000M\000a\000n\000a\000g\000e\000r\000\040\000C\000l\000a\000s\000s\000\040\000R\000e\000f\000e\000r\000e\000n\000c\000e}{chapter.3}% 84
\BOOKMARK [2][-]{subsection.3.21.1}{\376\377\0003\000.\0002\0001\000.\0001\000\040\000D\000e\000t\000a\000i\000l\000e\000d\000\040\000D\000e\000s\000c\000r\000i\000p\000t\000i\000o\000n}{section.3.21}% 85
\BOOKMARK [2][-]{subsection.3.21.2}{\376\377\0003\000.\0002\0001\000.\0002\000\040\000M\000e\000m\000b\000e\000r\000\040\000F\000u\000n\000c\000t\000i\000o\000n\000\040\000D\000o\000c\000u\000m\000e\000n\000t\000a\000t\000i\000o\000n}{section.3.21}% 86
\BOOKMARK [3][-]{subsubsection.3.21.2.1}{\376\377\0003\000.\0002\0001\000.\0002\000.\0001\000\040\000c\000l\000o\000s\000e\000\050\000\051}{subsection.3.21.2}% 87
\BOOKMARK [3][-]{subsubsection.3.21.2.2}{\376\377\0003\000.\0002\0001\000.\0002\000.\0002\000\040\000c\000o\000n\000n\000e\000c\000t\000\050\000\051}{subsection.3.21.2}% 88
\BOOKMARK [3][-]{subsubsection.3.21.2.3}{\376\377\0003\000.\0002\0001\000.\0002\000.\0003\000\040\000d\000e\000l\000e\000t\000e\000\137\000t\000a\000s\000k\000\050\000\051}{subsection.3.21.2}% 89
\BOOKMARK [3][-]{subsubsection.3.21.2.4}{\376\377\0003\000.\0002\0001\000.\0002\000.\0004\000\040\000g\000e\000t\000\137\000s\000t\000a\000t\000u\000s\000\050\000\051}{subsection.3.21.2}% 90
\BOOKMARK [3][-]{subsubsection.3.21.2.5}{\376\377\0003\000.\0002\0001\000.\0002\000.\0005\000\040\000s\000e\000t\000\137\000s\000t\000a\000t\000u\000s\000\050\000\051}{subsection.3.21.2}% 91
\BOOKMARK [3][-]{subsubsection.3.21.2.6}{\376\377\0003\000.\0002\0001\000.\0002\000.\0006\000\040\000u\000p\000d\000a\000t\000e\000\137\000t\000a\000s\000k\000\137\000s\000t\000a\000t\000u\000s\000\050\000\051}{subsection.3.21.2}% 92
\BOOKMARK [1][-]{section.3.22}{\376\377\0003\000.\0002\0002\000\040\000S\000o\000m\000i\000n\000A\000I\000.\000c\000o\000r\000e\000.\000r\000e\000d\000i\000s\000\137\000m\000a\000n\000a\000g\000e\000r\000.\000R\000e\000d\000i\000s\000M\000a\000n\000a\000g\000e\000r\000E\000r\000r\000o\000r\000\040\000C\000l\000a\000s\000s\000\040\000R\000e\000f\000e\000r\000e\000n\000c\000e}{chapter.3}% 93
\BOOKMARK [2][-]{subsection.3.22.1}{\376\377\0003\000.\0002\0002\000.\0001\000\040\000D\000e\000t\000a\000i\000l\000e\000d\000\040\000D\000e\000s\000c\000r\000i\000p\000t\000i\000o\000n}{section.3.22}% 94
\BOOKMARK [1][-]{section.3.23}{\376\377\0003\000.\0002\0003\000\040\000S\000o\000m\000i\000n\000A\000I\000.\000c\000o\000r\000e\000.\000r\000e\000s\000u\000l\000t\000\137\000p\000r\000o\000c\000e\000s\000s\000o\000r\000.\000R\000e\000s\000u\000l\000t\000P\000r\000o\000c\000e\000s\000s\000o\000r\000\040\000C\000l\000a\000s\000s\000\040\000R\000e\000f\000e\000r\000e\000n\000c\000e}{chapter.3}% 95
\BOOKMARK [2][-]{subsection.3.23.1}{\376\377\0003\000.\0002\0003\000.\0001\000\040\000D\000e\000t\000a\000i\000l\000e\000d\000\040\000D\000e\000s\000c\000r\000i\000p\000t\000i\000o\000n}{section.3.23}% 96
\BOOKMARK [2][-]{subsection.3.23.2}{\376\377\0003\000.\0002\0003\000.\0002\000\040\000M\000e\000m\000b\000e\000r\000\040\000F\000u\000n\000c\000t\000i\000o\000n\000\040\000D\000o\000c\000u\000m\000e\000n\000t\000a\000t\000i\000o\000n}{section.3.23}% 97
\BOOKMARK [3][-]{subsubsection.3.23.2.1}{\376\377\0003\000.\0002\0003\000.\0002\000.\0001\000\040\000c\000l\000o\000s\000e\000\050\000\051}{subsection.3.23.2}% 98
\BOOKMARK [3][-]{subsubsection.3.23.2.2}{\376\377\0003\000.\0002\0003\000.\0002\000.\0002\000\040\000c\000o\000n\000n\000e\000c\000t\000\050\000\051}{subsection.3.23.2}% 99
\BOOKMARK [3][-]{subsubsection.3.23.2.3}{\376\377\0003\000.\0002\0003\000.\0002\000.\0003\000\040\000p\000r\000o\000c\000e\000s\000s\000\137\000r\000e\000s\000u\000l\000t\000s\000\050\000\051}{subsection.3.23.2}% 100
\BOOKMARK [1][-]{section.3.24}{\376\377\0003\000.\0002\0004\000\040\000S\000o\000m\000i\000n\000A\000I\000.\000u\000t\000i\000l\000s\000.\000t\000y\000p\000e\000s\000.\000T\000a\000s\000k\000D\000a\000t\000a\000\040\000C\000l\000a\000s\000s\000\040\000R\000e\000f\000e\000r\000e\000n\000c\000e}{chapter.3}% 101
\BOOKMARK [2][-]{subsection.3.24.1}{\376\377\0003\000.\0002\0004\000.\0001\000\040\000D\000e\000t\000a\000i\000l\000e\000d\000\040\000D\000e\000s\000c\000r\000i\000p\000t\000i\000o\000n}{section.3.24}% 102
\BOOKMARK [1][-]{section.3.25}{\376\377\0003\000.\0002\0005\000\040\000S\000o\000m\000i\000n\000A\000I\000.\000c\000o\000r\000e\000.\000t\000a\000s\000k\000\137\000m\000a\000n\000a\000g\000e\000r\000.\000T\000a\000s\000k\000M\000a\000n\000a\000g\000e\000r\000\040\000C\000l\000a\000s\000s\000\040\000R\000e\000f\000e\000r\000e\000n\000c\000e}{chapter.3}% 103
\BOOKMARK [2][-]{subsection.3.25.1}{\376\377\0003\000.\0002\0005\000.\0001\000\040\000D\000e\000t\000a\000i\000l\000e\000d\000\040\000D\000e\000s\000c\000r\000i\000p\000t\000i\000o\000n}{section.3.25}% 104
\BOOKMARK [2][-]{subsection.3.25.2}{\376\377\0003\000.\0002\0005\000.\0002\000\040\000C\000o\000n\000s\000t\000r\000u\000c\000t\000o\000r\000\040\000\046\000\040\000D\000e\000s\000t\000r\000u\000c\000t\000o\000r\000\040\000D\000o\000c\000u\000m\000e\000n\000t\000a\000t\000i\000o\000n}{section.3.25}% 105
\BOOKMARK [3][-]{subsubsection.3.25.2.1}{\376\377\0003\000.\0002\0005\000.\0002\000.\0001\000\040\000\137\000\137\000i\000n\000i\000t\000\137\000\137\000\050\000\051}{subsection.3.25.2}% 106
\BOOKMARK [2][-]{subsection.3.25.3}{\376\377\0003\000.\0002\0005\000.\0003\000\040\000M\000e\000m\000b\000e\000r\000\040\000F\000u\000n\000c\000t\000i\000o\000n\000\040\000D\000o\000c\000u\000m\000e\000n\000t\000a\000t\000i\000o\000n}{section.3.25}% 107
\BOOKMARK [3][-]{subsubsection.3.25.3.1}{\376\377\0003\000.\0002\0005\000.\0003\000.\0001\000\040\000\137\000i\000s\000\137\000v\000a\000l\000i\000d\000\137\000t\000a\000s\000k\000\137\000d\000a\000t\000a\000\050\000\051}{subsection.3.25.3}% 108
\BOOKMARK [3][-]{subsubsection.3.25.3.2}{\376\377\0003\000.\0002\0005\000.\0003\000.\0002\000\040\000c\000r\000e\000a\000t\000e\000\137\000t\000a\000s\000k\000\050\000\051}{subsection.3.25.3}% 109
\BOOKMARK [3][-]{subsubsection.3.25.3.3}{\376\377\0003\000.\0002\0005\000.\0003\000.\0003\000\040\000g\000e\000t\000\137\000t\000a\000s\000k\000\137\000s\000t\000a\000t\000u\000s\000\050\000\051}{subsection.3.25.3}% 110
\BOOKMARK [3][-]{subsubsection.3.25.3.4}{\376\377\0003\000.\0002\0005\000.\0003\000.\0004\000\040\000u\000p\000d\000a\000t\000e\000\137\000t\000a\000s\000k\000\137\000s\000t\000a\000t\000u\000s\000\050\000\051}{subsection.3.25.3}% 111
\BOOKMARK [1][-]{section.3.26}{\376\377\0003\000.\0002\0006\000\040\000S\000o\000m\000i\000n\000A\000I\000.\000c\000o\000r\000e\000.\000t\000a\000s\000k\000\137\000m\000a\000n\000a\000g\000e\000r\000.\000T\000a\000s\000k\000M\000a\000n\000a\000g\000e\000r\000E\000r\000r\000o\000r\000\040\000C\000l\000a\000s\000s\000\040\000R\000e\000f\000e\000r\000e\000n\000c\000e}{chapter.3}% 112
\BOOKMARK [2][-]{subsection.3.26.1}{\376\377\0003\000.\0002\0006\000.\0001\000\040\000D\000e\000t\000a\000i\000l\000e\000d\000\040\000D\000e\000s\000c\000r\000i\000p\000t\000i\000o\000n}{section.3.26}% 113
\BOOKMARK [1][-]{section.3.27}{\376\377\0003\000.\0002\0007\000\040\000S\000o\000m\000i\000n\000A\000I\000.\000c\000o\000r\000e\000.\000t\000a\000s\000k\000\137\000m\000a\000n\000a\000g\000e\000r\000.\000T\000a\000s\000k\000N\000o\000t\000F\000o\000u\000n\000d\000E\000r\000r\000o\000r\000\040\000C\000l\000a\000s\000s\000\040\000R\000e\000f\000e\000r\000e\000n\000c\000e}{chapter.3}% 114
\BOOKMARK [2][-]{subsection.3.27.1}{\376\377\0003\000.\0002\0007\000.\0001\000\040\000D\000e\000t\000a\000i\000l\000e\000d\000\040\000D\000e\000s\000c\000r\000i\000p\000t\000i\000o\000n}{section.3.27}% 115
\BOOKMARK [1][-]{section.3.28}{\376\377\0003\000.\0002\0008\000\040\000S\000o\000m\000i\000n\000A\000I\000.\000c\000r\000a\000w\000l\000e\000r\000.\000p\000a\000r\000s\000e\000r\000.\000T\000i\000k\000T\000o\000k\000L\000i\000b\000r\000a\000r\000y\000P\000a\000r\000s\000e\000r\000\040\000C\000l\000a\000s\000s\000\040\000R\000e\000f\000e\000r\000e\000n\000c\000e}{chapter.3}% 116
\BOOKMARK [2][-]{subsection.3.28.1}{\376\377\0003\000.\0002\0008\000.\0001\000\040\000D\000e\000t\000a\000i\000l\000e\000d\000\040\000D\000e\000s\000c\000r\000i\000p\000t\000i\000o\000n}{section.3.28}% 117
\BOOKMARK [2][-]{subsection.3.28.2}{\376\377\0003\000.\0002\0008\000.\0002\000\040\000M\000e\000m\000b\000e\000r\000\040\000F\000u\000n\000c\000t\000i\000o\000n\000\040\000D\000o\000c\000u\000m\000e\000n\000t\000a\000t\000i\000o\000n}{section.3.28}% 118
\BOOKMARK [3][-]{subsubsection.3.28.2.1}{\376\377\0003\000.\0002\0008\000.\0002\000.\0001\000\040\000b\000u\000i\000l\000d\000\137\000q\000u\000e\000r\000y\000\050\000\051}{subsection.3.28.2}% 119
\BOOKMARK [3][-]{subsubsection.3.28.2.2}{\376\377\0003\000.\0002\0008\000.\0002\000.\0002\000\040\000f\000e\000t\000c\000h\000\137\000d\000a\000t\000a\000\050\000\051}{subsection.3.28.2}% 120
\BOOKMARK [3][-]{subsubsection.3.28.2.3}{\376\377\0003\000.\0002\0008\000.\0002\000.\0003\000\040\000p\000a\000r\000s\000e\000\137\000d\000a\000t\000a\000\050\000\051}{subsection.3.28.2}% 121
\BOOKMARK [3][-]{subsubsection.3.28.2.4}{\376\377\0003\000.\0002\0008\000.\0002\000.\0004\000\040\000s\000e\000a\000r\000c\000h\000\137\000a\000d\000s\000\050\000\051}{subsection.3.28.2}% 122
